<?xml version="1.0" encoding="UTF-8"?>
<testng-results total="0" passed="0" failed="0" skipped="0">
  <reporter-output>
  </reporter-output>
  <suite started-at="2017-09-26T19:34:01Z" name="Suite1" finished-at="2017-09-26T19:34:01Z" duration-ms="74">
    <groups>
    </groups>
    <test started-at="2017-09-26T19:34:01Z" name="Test1" finished-at="2017-09-26T19:34:01Z" duration-ms="5">
    </test> <!-- Test1 -->
    <test started-at="2017-09-26T19:34:01Z" name="Regression1" finished-at="2017-09-26T19:34:01Z" duration-ms="0">
    </test> <!-- Regression1 -->
  </suite> <!-- Suite1 -->
</testng-results>
